<?xml version="1.0" encoding="UTF-8"?>
<testng-results ignored="0" total="1" passed="1" failed="0" skipped="0">
  <reporter-output>
  </reporter-output>
  <suite started-at="2019-12-13T10:13:08 IST" name="Default suite" finished-at="2019-12-13T10:13:08 IST" duration-ms="74">
    <groups>
    </groups>
    <test started-at="2019-12-13T10:13:08 IST" name="Default test" finished-at="2019-12-13T10:13:08 IST" duration-ms="74">
      <class name="sample.Newclass">
        <test-method signature="creatcompany()[pri:0, instance:sample.Newclass@78dd667e]" started-at="2019-12-13T10:13:08 IST" name="creatcompany" finished-at="2019-12-13T10:13:08 IST" duration-ms="22" status="PASS">
          <reporter-output>
          </reporter-output>
        </test-method> <!-- creatcompany -->
      </class> <!-- sample.Newclass -->
    </test> <!-- Default test -->
  </suite> <!-- Default suite -->
</testng-results>
